<?xml version="1.0" encoding="UTF-8"?>
<!-- Generated by org.testng.reporters.JUnitReportReporter -->
<testsuite hostname="PUNRAZ.local" name="com.quiksilver.test.LoginTest" tests="2" failures="0" timestamp="11 Aug 2014 05:46:11 GMT" time="37.017" errors="0">
  <testcase name="checkoutSignInRegistered" time="13.604" classname="com.quiksilver.test.LoginTest"/>
  <testcase name="checkoutSignInRegistered" time="23.413" classname="com.quiksilver.test.LoginTest"/>
</testsuite> <!-- com.quiksilver.test.LoginTest -->
