<?xml version="1.0" encoding="UTF-8"?>
<!-- Generated by org.testng.reporters.JUnitReportReporter -->
<testsuite hostname="PUNRAZ.local" name="com.quiksilver.test.GuestVisaCheckoutTest" tests="2" failures="0" timestamp="20 Jun 2014 19:20:41 GMT" time="152.868" errors="0">
  <testcase name="testGuestCheckoutVisa" time="63.355" classname="com.quiksilver.test.GuestVisaCheckoutTest"/>
  <testcase name="testGuestCheckoutVisa" time="89.513" classname="com.quiksilver.test.GuestVisaCheckoutTest"/>
</testsuite> <!-- com.quiksilver.test.GuestVisaCheckoutTest -->
