<?xml version="1.0" encoding="UTF-8"?>
<!-- Generated by org.testng.reporters.JUnitReportReporter -->
<testsuite hostname="PUNRAZ.local" name="com.quiksilver.test.SearchForItemGuestCheckoutTest" tests="1" failures="0" timestamp="1 Oct 2014 19:43:50 GMT" time="109.803" errors="0">
  <testcase name="searchForItemGuestCheckout" time="109.803" classname="com.quiksilver.test.SearchForItemGuestCheckoutTest"/>
</testsuite> <!-- com.quiksilver.test.SearchForItemGuestCheckoutTest -->
