<?xml version="1.0" encoding="UTF-8"?>
<!-- Generated by org.testng.reporters.JUnitReportReporter -->
<testsuite hostname="PUNRAZ.local" name="com.quiksilver.test.GuestCheckoutMultiPaymentWithDataProvider" tests="2" failures="2" timestamp="20 Jun 2014 15:08:58 GMT" time="0.000" errors="0">
  <testcase name="fillOutStep1InscriptionForm" time="0.000" classname="com.quiksilver.test.GuestCheckoutMultiPaymentWithDataProvider">
    <failure type="java.lang.RuntimeException" message="org.apache.poi.openxml4j.exceptions.InvalidOperationException: Can&#039;t open the specified file: &#039;/Users/vpeter/Desktop/eclipse/TestScripts/QUIK/src/com/quiksilver/config/TestData.xlsx&#039;">
      <![CDATA[java.lang.RuntimeException: org.apache.poi.openxml4j.exceptions.InvalidOperationException: Can't open the specified file: '/Users/vpeter/Desktop/eclipse/TestScripts/QUIK/src/com/quiksilver/config/TestData.xlsx'
	at org.testng.internal.MethodInvocationHelper.invokeDataProvider(MethodInvocationHelper.java:161)
	at org.testng.internal.Parameters.handleParameters(Parameters.java:429)
	at org.testng.internal.Invoker.handleParameters(Invoker.java:1383)
	at org.testng.internal.Invoker.createParameters(Invoker.java:1075)
	at org.testng.internal.Invoker.invokeTestMethods(Invoker.java:1180)
	at org.testng.internal.TestMethodWorker.invokeTestMethods(TestMethodWorker.java:127)
	at org.testng.internal.TestMethodWorker.run(TestMethodWorker.java:111)
	at org.testng.TestRunner.privateRun(TestRunner.java:767)
	at org.testng.TestRunner.run(TestRunner.java:617)
	at org.testng.SuiteRunner.runTest(SuiteRunner.java:334)
	at org.testng.SuiteRunner.runSequentially(SuiteRunner.java:329)
	at org.testng.SuiteRunner.privateRun(SuiteRunner.java:291)
	at org.testng.SuiteRunner.run(SuiteRunner.java:240)
	at org.testng.SuiteRunnerWorker.runSuite(SuiteRunnerWorker.java:52)
	at org.testng.SuiteRunnerWorker.run(SuiteRunnerWorker.java:86)
	at org.testng.TestNG.runSuitesSequentially(TestNG.java:1224)
	at org.testng.TestNG.runSuitesLocally(TestNG.java:1149)
	at org.testng.TestNG.run(TestNG.java:1057)
	at org.testng.remote.RemoteTestNG.run(RemoteTestNG.java:111)
	at org.testng.remote.RemoteTestNG.initAndRun(RemoteTestNG.java:204)
	at org.testng.remote.RemoteTestNG.main(RemoteTestNG.java:175)
Caused by: org.apache.poi.openxml4j.exceptions.InvalidOperationException: Can't open the specified file: '/Users/vpeter/Desktop/eclipse/TestScripts/QUIK/src/com/quiksilver/config/TestData.xlsx'
	at org.apache.poi.openxml4j.opc.ZipPackage.<init>(ZipPackage.java:102)
	at org.apache.poi.openxml4j.opc.OPCPackage.open(OPCPackage.java:199)
	at org.apache.poi.openxml4j.opc.OPCPackage.open(OPCPackage.java:178)
	at org.apache.poi.POIXMLDocument.openPackage(POIXMLDocument.java:62)
	at org.apache.poi.xssf.usermodel.XSSFWorkbook.<init>(XSSFWorkbook.java:188)
	at com.quiksilver.util.Return2D.open(Return2D.java:61)
	at com.quiksilver.test.GuestCheckoutMultiPaymentWithDataProvider.countryProvider(GuestCheckoutMultiPaymentWithDataProvider.java:161)
	at sun.reflect.NativeMethodAccessorImpl.invoke0(Native Method)
	at sun.reflect.NativeMethodAccessorImpl.invoke(NativeMethodAccessorImpl.java:57)
	at sun.reflect.DelegatingMethodAccessorImpl.invoke(DelegatingMethodAccessorImpl.java:43)
	at java.lang.reflect.Method.invoke(Method.java:601)
	at org.testng.internal.MethodInvocationHelper.invokeMethod(MethodInvocationHelper.java:84)
	at org.testng.internal.MethodInvocationHelper.invokeDataProvider(MethodInvocationHelper.java:135)
	... 20 more
]]>
    </failure>
  </testcase> <!-- fillOutStep1InscriptionForm -->
  <testcase name="fillOutStep1InscriptionForm" time="0.000" classname="com.quiksilver.test.GuestCheckoutMultiPaymentWithDataProvider">
    <failure type="java.lang.RuntimeException" message="org.apache.poi.openxml4j.exceptions.InvalidOperationException: Can&#039;t open the specified file: &#039;/Users/vpeter/Desktop/eclipse/TestScripts/QUIK/src/com/quiksilver/config/TestData.xlsx&#039;">
      <![CDATA[java.lang.RuntimeException: org.apache.poi.openxml4j.exceptions.InvalidOperationException: Can't open the specified file: '/Users/vpeter/Desktop/eclipse/TestScripts/QUIK/src/com/quiksilver/config/TestData.xlsx'
	at org.testng.internal.MethodInvocationHelper.invokeDataProvider(MethodInvocationHelper.java:161)
	at org.testng.internal.Parameters.handleParameters(Parameters.java:429)
	at org.testng.internal.Invoker.handleParameters(Invoker.java:1383)
	at org.testng.internal.Invoker.createParameters(Invoker.java:1075)
	at org.testng.internal.Invoker.invokeTestMethods(Invoker.java:1180)
	at org.testng.internal.TestMethodWorker.invokeTestMethods(TestMethodWorker.java:127)
	at org.testng.internal.TestMethodWorker.run(TestMethodWorker.java:111)
	at org.testng.TestRunner.privateRun(TestRunner.java:767)
	at org.testng.TestRunner.run(TestRunner.java:617)
	at org.testng.SuiteRunner.runTest(SuiteRunner.java:334)
	at org.testng.SuiteRunner.runSequentially(SuiteRunner.java:329)
	at org.testng.SuiteRunner.privateRun(SuiteRunner.java:291)
	at org.testng.SuiteRunner.run(SuiteRunner.java:240)
	at org.testng.SuiteRunnerWorker.runSuite(SuiteRunnerWorker.java:52)
	at org.testng.SuiteRunnerWorker.run(SuiteRunnerWorker.java:86)
	at org.testng.TestNG.runSuitesSequentially(TestNG.java:1224)
	at org.testng.TestNG.runSuitesLocally(TestNG.java:1149)
	at org.testng.TestNG.run(TestNG.java:1057)
	at org.testng.remote.RemoteTestNG.run(RemoteTestNG.java:111)
	at org.testng.remote.RemoteTestNG.initAndRun(RemoteTestNG.java:204)
	at org.testng.remote.RemoteTestNG.main(RemoteTestNG.java:175)
Caused by: org.apache.poi.openxml4j.exceptions.InvalidOperationException: Can't open the specified file: '/Users/vpeter/Desktop/eclipse/TestScripts/QUIK/src/com/quiksilver/config/TestData.xlsx'
	at org.apache.poi.openxml4j.opc.ZipPackage.<init>(ZipPackage.java:102)
	at org.apache.poi.openxml4j.opc.OPCPackage.open(OPCPackage.java:199)
	at org.apache.poi.openxml4j.opc.OPCPackage.open(OPCPackage.java:178)
	at org.apache.poi.POIXMLDocument.openPackage(POIXMLDocument.java:62)
	at org.apache.poi.xssf.usermodel.XSSFWorkbook.<init>(XSSFWorkbook.java:188)
	at com.quiksilver.util.Return2D.open(Return2D.java:61)
	at com.quiksilver.test.GuestCheckoutMultiPaymentWithDataProvider.countryProvider(GuestCheckoutMultiPaymentWithDataProvider.java:161)
	at sun.reflect.NativeMethodAccessorImpl.invoke0(Native Method)
	at sun.reflect.NativeMethodAccessorImpl.invoke(NativeMethodAccessorImpl.java:57)
	at sun.reflect.DelegatingMethodAccessorImpl.invoke(DelegatingMethodAccessorImpl.java:43)
	at java.lang.reflect.Method.invoke(Method.java:601)
	at org.testng.internal.MethodInvocationHelper.invokeMethod(MethodInvocationHelper.java:84)
	at org.testng.internal.MethodInvocationHelper.invokeDataProvider(MethodInvocationHelper.java:135)
	... 20 more
]]>
    </failure>
  </testcase> <!-- fillOutStep1InscriptionForm -->
</testsuite> <!-- com.quiksilver.test.GuestCheckoutMultiPaymentWithDataProvider -->
