<?xml version="1.0" encoding="UTF-8"?>
<!-- Generated by org.testng.reporters.JUnitReportReporter -->
<testsuite hostname="PUNRAZ.local" name="com.quiksilver.test.AccountRegistrationTest" tests="2" failures="0" timestamp="21 Jun 2014 00:02:19 GMT" time="56.332" errors="0">
  <testcase name="registrationForm" time="24.888" classname="com.quiksilver.test.AccountRegistrationTest"/>
  <testcase name="registrationForm" time="31.444" classname="com.quiksilver.test.AccountRegistrationTest"/>
</testsuite> <!-- com.quiksilver.test.AccountRegistrationTest -->
