<?xml version="1.0" encoding="UTF-8"?>
<!-- Generated by org.testng.reporters.JUnitReportReporter -->
<testsuite hostname="PUNRAZ.local" name="com.quiksilver.test.GuestCheckoutExpressAmexTest" tests="1" failures="0" timestamp="1 Oct 2014 18:02:11 GMT" time="95.606" errors="0">
  <testcase name="testGuestCheckoutAmex" time="95.606" classname="com.quiksilver.test.GuestCheckoutExpressAmexTest"/>
</testsuite> <!-- com.quiksilver.test.GuestCheckoutExpressAmexTest -->
