<?xml version="1.0" encoding="UTF-8"?>
<!-- Generated by org.testng.reporters.JUnitReportReporter -->
<testsuite hostname="PUNRAZ.local" name="com.quiksilver.test.SignedInAddToCartContinueShoppingCheckoutTest" tests="1" failures="0" timestamp="1 Oct 2014 19:59:11 GMT" time="195.976" errors="0">
  <testcase name="testSignedInAddToCartContinueShopping" time="195.976" classname="com.quiksilver.test.SignedInAddToCartContinueShoppingCheckoutTest"/>
</testsuite> <!-- com.quiksilver.test.SignedInAddToCartContinueShoppingCheckoutTest -->
