<?xml version="1.0" encoding="UTF-8"?>
<!-- Generated by org.testng.reporters.JUnitReportReporter -->
<testsuite hostname="PUNRAZ.local" name="com.quiksilver.test.GuestCheckoutExpressAmexTest" tests="1" failures="0" timestamp="17 Aug 2014 23:09:48 GMT" time="83.201" errors="0">
  <testcase name="testGuestCheckoutAmex" time="83.201" classname="com.quiksilver.test.GuestCheckoutExpressAmexTest"/>
</testsuite> <!-- com.quiksilver.test.GuestCheckoutExpressAmexTest -->
