<?xml version="1.0" encoding="UTF-8"?>
<!-- Generated by org.testng.reporters.JUnitReportReporter -->
<testsuite hostname="PUNRAZ.local" name="com.quiksilver.test.AddToWishListPdpTest" tests="2" failures="0" timestamp="20 Jun 2014 15:08:58 GMT" time="136.615" errors="0">
  <testcase name="saveForLaterPDP" time="46.350" classname="com.quiksilver.test.AddToWishListPdpTest"/>
  <testcase name="saveForLaterPDP" time="90.265" classname="com.quiksilver.test.AddToWishListPdpTest"/>
</testsuite> <!-- com.quiksilver.test.AddToWishListPdpTest -->
