<?xml version="1.0" encoding="UTF-8"?>
<!-- Generated by org.testng.reporters.JUnitReportReporter -->
<testsuite hostname="PUNRAZ.local" name="com.quiksilver.test.GuestVisaCheckoutTest" tests="1" failures="0" timestamp="17 Aug 2014 22:53:48 GMT" time="181.496" errors="0">
  <testcase name="testGuestCheckoutVisa" time="181.496" classname="com.quiksilver.test.GuestVisaCheckoutTest"/>
</testsuite> <!-- com.quiksilver.test.GuestVisaCheckoutTest -->
