<?xml version="1.0" encoding="UTF-8"?>
<!-- Generated by org.testng.reporters.JUnitReportReporter -->
<testsuite hostname="PUNRAZ.local" name="com.quiksilver.test.LoginTest" tests="2" failures="0" timestamp="12 Aug 2014 05:39:24 GMT" time="16.831" errors="0">
  <testcase name="checkoutSignInRegistered" time="10.427" classname="com.quiksilver.test.LoginTest"/>
  <testcase name="checkoutSignInRegistered" time="6.404" classname="com.quiksilver.test.LoginTest"/>
</testsuite>
